<?xml version="1.0" encoding="UTF-8"?>
<testsuite name="GameTest" tests="2" skipped="0" failures="0" errors="0" timestamp="2017-03-16T20:49:31" hostname="Epicodus-6C.local" time="0.002">
  <properties/>
  <testcase name="newGame_getWord_cat" classname="GameTest" time="0.001"/>
  <testcase name="newGame_instantiatesCorrectly" classname="GameTest" time="0.0"/>
  <system-out><![CDATA[]]></system-out>
  <system-err><![CDATA[]]></system-err>
</testsuite>
